<?xml version="1.0" encoding="UTF-8"?>
<testsuite name="com.example.api_gestion_horas_extra.ApiGestionHorasExtraApplicationTests" tests="1" skipped="0" failures="0" errors="0" timestamp="2024-12-05T20:39:27" hostname="DESKTOP-IMIOCSF" time="0.396">
  <properties/>
  <testcase name="contextLoads()" classname="com.example.api_gestion_horas_extra.ApiGestionHorasExtraApplicationTests" time="0.396"/>
  <system-out><![CDATA[15:39:22.513 [Test worker] INFO org.springframework.test.context.support.AnnotationConfigContextLoaderUtils -- Could not detect default configuration classes for test class [com.example.api_gestion_horas_extra.ApiGestionHorasExtraApplicationTests]: ApiGestionHorasExtraApplicationTests does not declare any static, non-private, non-final, nested classes annotated with @Configuration.
15:39:22.630 [Test worker] INFO org.springframework.boot.test.context.SpringBootTestContextBootstrapper -- Found @SpringBootConfiguration com.example.api_gestion_horas_extra.ApiGestionHorasExtraApplication for test class com.example.api_gestion_horas_extra.ApiGestionHorasExtraApplicationTests

  .   ____          _            __ _ _
 /\\ / ___'_ __ _ _(_)_ __  __ _ \ \ \ \
( ( )\___ | '_ | '_| | '_ \/ _` | \ \ \ \
 \\/  ___)| |_)| | | | | || (_| |  ) ) ) )
  '  |____| .__|_| |_|_| |_\__, | / / / /
 =========|_|==============|___/=/_/_/_/

 :: Spring Boot ::                (v3.3.4)

2024-12-05T15:39:23.048-05:00  INFO 41504 --- [api-gestion-horas-extra] [    Test worker] e.a.ApiGestionHorasExtraApplicationTests : Starting ApiGestionHorasExtraApplicationTests using Java 17.0.11 with PID 41504 (started by USER in C:\Users\USER\Documents\Nodo-Eafit\extra-hours-app\backend)
2024-12-05T15:39:23.050-05:00  INFO 41504 --- [api-gestion-horas-extra] [    Test worker] e.a.ApiGestionHorasExtraApplicationTests : No active profile set, falling back to 1 default profile: "default"
2024-12-05T15:39:23.766-05:00  INFO 41504 --- [api-gestion-horas-extra] [    Test worker] .s.d.r.c.RepositoryConfigurationDelegate : Bootstrapping Spring Data JPA repositories in DEFAULT mode.
2024-12-05T15:39:23.837-05:00  INFO 41504 --- [api-gestion-horas-extra] [    Test worker] .s.d.r.c.RepositoryConfigurationDelegate : Finished Spring Data repository scanning in 61 ms. Found 4 JPA repository interfaces.
2024-12-05T15:39:24.302-05:00  INFO 41504 --- [api-gestion-horas-extra] [    Test worker] o.hibernate.jpa.internal.util.LogHelper  : HHH000204: Processing PersistenceUnitInfo [name: default]
2024-12-05T15:39:24.380-05:00  INFO 41504 --- [api-gestion-horas-extra] [    Test worker] org.hibernate.Version                    : HHH000412: Hibernate ORM core version 6.5.3.Final
2024-12-05T15:39:24.416-05:00  INFO 41504 --- [api-gestion-horas-extra] [    Test worker] o.h.c.internal.RegionFactoryInitiator    : HHH000026: Second-level cache disabled
2024-12-05T15:39:24.737-05:00  INFO 41504 --- [api-gestion-horas-extra] [    Test worker] o.s.o.j.p.SpringPersistenceUnitInfo      : No LoadTimeWeaver setup: ignoring JPA class transformer
2024-12-05T15:39:24.772-05:00  INFO 41504 --- [api-gestion-horas-extra] [    Test worker] com.zaxxer.hikari.HikariDataSource       : HikariPool-1 - Starting...
2024-12-05T15:39:24.930-05:00  INFO 41504 --- [api-gestion-horas-extra] [    Test worker] com.zaxxer.hikari.pool.HikariPool        : HikariPool-1 - Added connection conn0: url=jdbc:h2:mem:testdb user=SA
2024-12-05T15:39:24.932-05:00  INFO 41504 --- [api-gestion-horas-extra] [    Test worker] com.zaxxer.hikari.HikariDataSource       : HikariPool-1 - Start completed.
2024-12-05T15:39:24.959-05:00  WARN 41504 --- [api-gestion-horas-extra] [    Test worker] org.hibernate.orm.deprecation            : HHH90000025: H2Dialect does not need to be specified explicitly using 'hibernate.dialect' (remove the property setting and it will be selected by default)
2024-12-05T15:39:25.833-05:00  INFO 41504 --- [api-gestion-horas-extra] [    Test worker] o.h.e.t.j.p.i.JtaPlatformInitiator       : HHH000489: No JTA platform available (set 'hibernate.transaction.jta.platform' to enable JTA platform integration)
Hibernate: 
    create table extrahours (
        id integer generated by default as identity,
        approval_date timestamp(6),
        approve tinyint check (approve between 0 and 2),
        comments TEXT,
        date date,
        endtime time(6),
        startime time(6),
        totalextrahour numeric(10,2),
        totalpayment numeric(10,2),
        approved_by_user_id integer,
        extrahourtype integer not null,
        incident_id integer not null,
        employee_id varchar(255) not null,
        primary key (id)
    )
Hibernate: 
    create table hourtypes (
        id integer generated by default as identity,
        description varchar(50) not null,
        percentage numeric(10,2) not null,
        primary key (id)
    )
Hibernate: 
    create table incidents (
        id integer generated by default as identity,
        created_at timestamp(6) not null,
        description varchar(50) not null,
        primary key (id)
    )
Hibernate: 
    create table ourusers (
        id integer generated by default as identity,
        city varchar(255),
        email varchar(255),
        identification varchar(255) not null,
        name varchar(255),
        password varchar(255),
        position varchar(255),
        role enum ('ADMIN','MANAGER','USER'),
        salary numeric(38,2),
        primary key (id)
    )
Hibernate: 
    alter table if exists ourusers 
       drop constraint if exists UKmn5icr7jhj9o5krrhx9drkgef
Hibernate: 
    alter table if exists ourusers 
       add constraint UKmn5icr7jhj9o5krrhx9drkgef unique (identification)
Hibernate: 
    alter table if exists extrahours 
       add constraint FKcf1g92bcg9h4k99a2mkc0fgan 
       foreign key (approved_by_user_id) 
       references ourusers
Hibernate: 
    alter table if exists extrahours 
       add constraint FKovcganqmrnfi3fdoxbidlqd91 
       foreign key (extrahourtype) 
       references hourtypes
Hibernate: 
    alter table if exists extrahours 
       add constraint FK9dpxja872w8e7m3oa7wplq89x 
       foreign key (incident_id) 
       references incidents
Hibernate: 
    alter table if exists extrahours 
       add constraint FKtqyys95t202e1vrm79tsh5hb2 
       foreign key (employee_id) 
       references ourusers (identification)
2024-12-05T15:39:25.898-05:00  INFO 41504 --- [api-gestion-horas-extra] [    Test worker] j.LocalContainerEntityManagerFactoryBean : Initialized JPA EntityManagerFactory for persistence unit 'default'
2024-12-05T15:39:26.329-05:00  INFO 41504 --- [api-gestion-horas-extra] [    Test worker] eAuthenticationProviderManagerConfigurer : Global AuthenticationManager configured with AuthenticationProvider bean with name authenticationProvider
2024-12-05T15:39:26.330-05:00  WARN 41504 --- [api-gestion-horas-extra] [    Test worker] r$InitializeUserDetailsManagerConfigurer : Global AuthenticationManager configured with an AuthenticationProvider bean. UserDetailsService beans will not be used for username/password login. Consider removing the AuthenticationProvider bean. Alternatively, consider using the UserDetailsService in a manually instantiated DaoAuthenticationProvider.
2024-12-05T15:39:26.353-05:00  WARN 41504 --- [api-gestion-horas-extra] [    Test worker] JpaBaseConfiguration$JpaWebConfiguration : spring.jpa.open-in-view is enabled by default. Therefore, database queries may be performed during view rendering. Explicitly configure spring.jpa.open-in-view to disable this warning
2024-12-05T15:39:26.924-05:00  INFO 41504 --- [api-gestion-horas-extra] [    Test worker] o.s.b.a.h2.H2ConsoleAutoConfiguration    : H2 console available at '/h2-console'. Database available at 'jdbc:h2:mem:testdb'
2024-12-05T15:39:26.989-05:00  INFO 41504 --- [api-gestion-horas-extra] [    Test worker] e.a.ApiGestionHorasExtraApplicationTests : Started ApiGestionHorasExtraApplicationTests in 4.193 seconds (process running for 5.395)
]]></system-out>
  <system-err><![CDATA[]]></system-err>
</testsuite>
